21:23:06 **** Build of configuration Nios II for project tmc_temperature_readout ****
make mem_init_generate 
Info: Building ../nios2_sw_bsp/
make --no-print-directory -C ../nios2_sw_bsp/
[BSP build complete]
Post-processing to create mem_init/onchip_flash_0.hex...
alt-file-convert -I elf32-littlenios2 -O hex --input=tmc_temperature_readout.elf --output=mem_init/onchip_flash_0.hex --base=0x00080000 --end=0x0009c7ff --reset=0x00080000 --out-data-width=8 --boot="/home/tyler/altera_lite/15.1/nios2eds/components/altera_nios2/boot_loader_cfi.srec"
Converting Nios II ELF file to HEX file. Appending boot file.
Post-processing to create mem_init/tmc_nios2_onchip_memory2_0.hex...
elf2hex tmc_temperature_readout.elf 0x00000000 0x00008d99 --width=32 --little-endian-mem --create-lanes=0 mem_init/tmc_nios2_onchip_memory2_0.hex
Post-processing to create onchip_flash_0.flash...
elf2flash --input=tmc_temperature_readout.elf --outfile=onchip_flash_0.flash --sim_optimize=0 --little-endian-mem \
		--base=0x00080000 --end=0x0009c7ff --reset=0x00080000  --boot="/home/tyler/altera_lite/15.1/nios2eds/components/altera_nios2/boot_loader_cfi.srec"
Post-processing to create mem_init/hdl_sim/onchip_flash_0.dat...
mkdir -p -p mem_init/hdl_sim
flash2dat --infile=onchip_flash_0.flash --outfile=mem_init/hdl_sim/onchip_flash_0.dat \
		--base=0x0 --end=0x1c7ff --width=32 \
		--create-lanes=0  
Post-processing to create mem_init/hdl_sim/tmc_nios2_onchip_memory2_0.dat...
elf2dat --infile=tmc_temperature_readout.elf --outfile=mem_init/hdl_sim/tmc_nios2_onchip_memory2_0.dat \
		--base=0x00000000 --end=0x00008d99 --width=32 \
		--little-endian-mem --create-lanes=0 
Post-processing to create mem_init/hdl_sim/onchip_flash_0.sym...
nios2-elf-nm -n tmc_temperature_readout.elf > mem_init/hdl_sim/onchip_flash_0.sym
Post-processing to create mem_init/hdl_sim/tmc_nios2_onchip_memory2_0.sym...
nios2-elf-nm -n tmc_temperature_readout.elf > mem_init/hdl_sim/tmc_nios2_onchip_memory2_0.sym
Post-processing to create mem_init/meminit.spd...
Post-processing to create mem_init/meminit.qip...
